16:25:37,665  INFO LocalContainerEntityManagerFactoryBean:285 - Building JPA container EntityManagerFactory for persistence unit 'default'
16:25:37,787  INFO Version:37 - HCANN000001: Hibernate Commons Annotations {4.0.1.Final}
16:25:37,792  INFO Version:41 - HHH000412: Hibernate Core {4.0.0.Final}
16:25:37,794  INFO Environment:239 - HHH000206: hibernate.properties not found
16:25:37,795  INFO Environment:342 - HHH000021: Bytecode provider name : javassist
16:25:37,812  INFO Ejb3Configuration:527 - HHH000204: Processing PersistenceUnitInfo [
	name: default
	...]
16:25:38,001  INFO ConnectionProviderInitiator:186 - HHH000130: Instantiating explicit connection provider: org.hibernate.ejb.connection.InjectedDataSourceConnectionProvider
16:25:38,059  INFO AbstractPoolBackedDataSource:462 - Initializing c3p0 pool... com.mchange.v2.c3p0.ComboPooledDataSource [ acquireIncrement -> 3, acquireRetryAttempts -> 30, acquireRetryDelay -> 1000, autoCommitOnClose -> false, automaticTestTable -> null, breakAfterAcquireFailure -> false, checkoutTimeout -> 25200, connectionCustomizerClassName -> null, connectionTesterClassName -> com.mchange.v2.c3p0.impl.DefaultConnectionTester, dataSourceName -> 1hge4b9981yxsmkqhxvikh|58e6c418, debugUnreturnedConnectionStackTraces -> false, description -> null, driverClass -> com.mysql.jdbc.Driver, factoryClassLocation -> null, forceIgnoreUnresolvedTransactions -> false, identityToken -> 1hge4b9981yxsmkqhxvikh|58e6c418, idleConnectionTestPeriod -> 14400, initialPoolSize -> 3, jdbcUrl -> jdbc:mysql://localhost:3306/biz-core, lastAcquisitionFailureDefaultUser -> null, maxAdministrativeTaskTime -> 0, maxConnectionAge -> 0, maxIdleTime -> 0, maxIdleTimeExcessConnections -> 0, maxPoolSize -> 3, maxStatements -> 0, maxStatementsPerConnection -> 0, minPoolSize -> 2, numHelperThreads -> 3, numThreadsAwaitingCheckoutDefaultUser -> 0, preferredTestQuery -> select 1;, properties -> {user=******, password=******}, propertyCycle -> 0, testConnectionOnCheckin -> false, testConnectionOnCheckout -> false, unreturnedConnectionTimeout -> 0, usesTraditionalReflectiveProxies -> false ]
16:25:38,206  INFO Dialect:120 - HHH000400: Using dialect: org.hibernate.dialect.MySQL5InnoDBDialect
16:25:38,213  INFO LobCreatorBuilder:120 - HHH000424: Disabling contextual LOB creation as createClob() method threw error : java.lang.reflect.InvocationTargetException
16:25:38,220  INFO TransactionFactoryInitiator:73 - HHH000268: Transaction strategy: org.hibernate.engine.transaction.internal.jdbc.JdbcTransactionFactory
16:25:38,224  INFO ASTQueryTranslatorFactory:48 - HHH000397: Using ASTQueryTranslatorFactory
16:25:38,401  INFO SchemaUpdate:182 - HHH000228: Running hbm2ddl schema update
16:25:38,401  INFO SchemaUpdate:193 - HHH000102: Fetching database metadata
16:25:38,404  INFO SchemaUpdate:205 - HHH000396: Updating schema
16:25:38,421  INFO TableMetadata:65 - HHH000261: Table found: biz-core.cinema
16:25:38,421  INFO TableMetadata:66 - HHH000037: Columns: [id, location, name]
16:25:38,421  INFO TableMetadata:68 - HHH000108: Foreign keys: []
16:25:38,421  INFO TableMetadata:69 - HHH000126: Indexes: [primary]
16:25:38,429  INFO TableMetadata:65 - HHH000261: Table found: biz-core.dicnclazz
16:25:38,429  INFO TableMetadata:66 - HHH000037: Columns: [id, rate, name]
16:25:38,430  INFO TableMetadata:68 - HHH000108: Foreign keys: []
16:25:38,430  INFO TableMetadata:69 - HHH000126: Indexes: [primary]
16:25:38,437  INFO TableMetadata:65 - HHH000261: Table found: biz-core.dicnshow
16:25:38,437  INFO TableMetadata:66 - HHH000037: Columns: [id, name, showtime]
16:25:38,437  INFO TableMetadata:68 - HHH000108: Foreign keys: []
16:25:38,437  INFO TableMetadata:69 - HHH000126: Indexes: [primary]
16:25:38,446  INFO TableMetadata:65 - HHH000261: Table found: biz-core.movie
16:25:38,446  INFO TableMetadata:66 - HHH000037: Columns: [id, startdate, status, name, distributor, language, enddate]
16:25:38,447  INFO TableMetadata:68 - HHH000108: Foreign keys: []
16:25:38,447  INFO TableMetadata:69 - HHH000126: Indexes: [primary]
16:25:38,456  INFO TableMetadata:65 - HHH000261: Table found: biz-core.screen
16:25:38,456  INFO TableMetadata:66 - HHH000037: Columns: [id, cinema_id, status, name]
16:25:38,456  INFO TableMetadata:68 - HHH000108: Foreign keys: [fk9178b46ca36b6613]
16:25:38,457  INFO TableMetadata:69 - HHH000126: Indexes: [primary, fk9178b46ca36b6613]
16:25:38,465  INFO TableMetadata:65 - HHH000261: Table found: biz-core.show_detail
16:25:38,465  INFO TableMetadata:66 - HHH000037: Columns: [id, gross_amount, clazz_id, show_hist_id, sl_from, sl_to]
16:25:38,466  INFO TableMetadata:68 - HHH000108: Foreign keys: [fk22df4fd3a7be69a1, fk22df4fd3da7bc494]
16:25:38,466  INFO TableMetadata:69 - HHH000126: Indexes: [primary, fk22df4fd3a7be69a1, fk22df4fd3da7bc494]
16:25:38,503  INFO TableMetadata:65 - HHH000261: Table found: biz-core.show_history
16:25:38,503  INFO TableMetadata:66 - HHH000037: Columns: [id, movie_id, cinema_id, screen_id, show_id, show_date]
16:25:38,504  INFO TableMetadata:68 - HHH000108: Foreign keys: []
16:25:38,504  INFO TableMetadata:69 - HHH000126: Indexes: [primary]
16:25:38,513  INFO TableMetadata:65 - HHH000261: Table found: biz-core.trnclazz
16:25:38,513  INFO TableMetadata:66 - HHH000037: Columns: [id, screen_id, dicn_id, seats]
16:25:38,513  INFO TableMetadata:68 - HHH000108: Foreign keys: [fk908f66a866943033, fk908f66a89d136ff9]
16:25:38,513  INFO TableMetadata:69 - HHH000126: Indexes: [primary, fk908f66a866943033, dicn_id, fk908f66a89d136ff9]
16:25:38,522  INFO TableMetadata:65 - HHH000261: Table found: biz-core.trnshow
16:25:38,523  INFO TableMetadata:66 - HHH000037: Columns: [id, movie_id, status, screen_id, dicn_id, show_date]
16:25:38,523  INFO TableMetadata:68 - HHH000108: Foreign keys: [fkebead08d66943033, fkebead08d78a81aa1, fkebead08d85b39690]
16:25:38,523  INFO TableMetadata:69 - HHH000126: Indexes: [fkebead08d66943033, fkebead08d78a81aa1, primary, dicn_id, fkebead08d85b39690]
16:25:38,524  INFO SchemaUpdate:240 - HHH000232: Schema update complete
16:25:38,556  INFO GenericApplicationContext:1374 - Bean 'bizrep' of type [class org.springframework.orm.jpa.LocalContainerEntityManagerFactoryBean] is not eligible for getting processed by all BeanPostProcessors (for example: not eligible for auto-proxying)
16:25:38,568  INFO GenericApplicationContext:1374 - Bean 'org.springframework.transaction.annotation.AnnotationTransactionAttributeSource#0' of type [class org.springframework.transaction.annotation.AnnotationTransactionAttributeSource] is not eligible for getting processed by all BeanPostProcessors (for example: not eligible for auto-proxying)
16:25:38,570  INFO GenericApplicationContext:1374 - Bean 'org.springframework.transaction.config.internalTransactionAdvisor' of type [class org.springframework.transaction.interceptor.BeanFactoryTransactionAttributeSourceAdvisor] is not eligible for getting processed by all BeanPostProcessors (for example: not eligible for auto-proxying)
16:25:38,577  INFO DefaultListableBeanFactory:596 - Pre-instantiating singletons in org.springframework.beans.factory.support.DefaultListableBeanFactory@7681572f: defining beans [propertyConfigurer,org.springframework.aop.config.internalAutoProxyCreator,org.springframework.transaction.annotation.AnnotationTransactionAttributeSource#0,org.springframework.transaction.interceptor.TransactionInterceptor#0,org.springframework.transaction.config.internalTransactionAdvisor,showHistoryRepo,dicnClazzRepo,showDetailRepo,showRepoImpl,showRepo,dicnShowRepo,screenRepo,clazzRepo,movieRepo,cinemaRepo,org.springframework.data.repository.core.support.RepositoryInterfaceAwareBeanPostProcessor#0,org.springframework.dao.annotation.PersistenceExceptionTranslationPostProcessor#0,org.springframework.orm.jpa.support.PersistenceAnnotationBeanPostProcessor#0,transactionManager,bizrepDS,bizrepJPAVendorAdapter,bizrep,org.springframework.context.annotation.internalConfigurationAnnotationProcessor,org.springframework.context.annotation.internalAutowiredAnnotationProcessor,org.springframework.context.annotation.internalRequiredAnnotationProcessor,org.springframework.context.annotation.internalCommonAnnotationProcessor,org.springframework.context.annotation.internalPersistenceAnnotationProcessor,org.springframework.context.annotation.ConfigurationClassPostProcessor.importAwareProcessor]; root of factory hierarchy
16:25:38,872  INFO TransactionalTestExecutionListener:279 - Began transaction (1): transaction manager [org.springframework.orm.jpa.JpaTransactionManager@1565e583]; rollback [false]
16:26:02,579  WARN SqlExceptionHelper:143 - SQL Error: 1048, SQLState: 23000
16:26:02,579 ERROR SqlExceptionHelper:144 - Column 'SHOW_DATE' cannot be null
16:26:13,361  WARN TestContextManager:398 - Caught exception while allowing TestExecutionListener [org.springframework.test.context.transaction.TransactionalTestExecutionListener@2d571cf3] to process 'after' execution for test: method [public void com.href.biz.test.repository.ShowHistoryTest.createShowhistory()], instance [com.href.biz.test.repository.ShowHistoryTest@322dacc6], exception [org.springframework.dao.DataIntegrityViolationException: Column 'SHOW_DATE' cannot be null; SQL [n/a]; constraint [null]; nested exception is org.hibernate.exception.ConstraintViolationException: Column 'SHOW_DATE' cannot be null]
org.springframework.transaction.TransactionSystemException: Could not commit JPA transaction; nested exception is javax.persistence.RollbackException: Transaction marked as rollbackOnly
	at org.springframework.orm.jpa.JpaTransactionManager.doCommit(JpaTransactionManager.java:522)
	at org.springframework.transaction.support.AbstractPlatformTransactionManager.processCommit(AbstractPlatformTransactionManager.java:755)
	at org.springframework.transaction.support.AbstractPlatformTransactionManager.commit(AbstractPlatformTransactionManager.java:724)
	at org.springframework.test.context.transaction.TransactionalTestExecutionListener$TransactionContext.endTransaction(TransactionalTestExecutionListener.java:591)
	at org.springframework.test.context.transaction.TransactionalTestExecutionListener.endTransaction(TransactionalTestExecutionListener.java:297)
	at org.springframework.test.context.transaction.TransactionalTestExecutionListener.afterTestMethod(TransactionalTestExecutionListener.java:192)
	at org.springframework.test.context.TestContextManager.afterTestMethod(TestContextManager.java:396)
	at org.springframework.test.context.junit4.statements.RunAfterTestMethodCallbacks.evaluate(RunAfterTestMethodCallbacks.java:91)
	at org.springframework.test.context.junit4.statements.SpringRepeat.evaluate(SpringRepeat.java:72)
	at org.springframework.test.context.junit4.SpringJUnit4ClassRunner.runChild(SpringJUnit4ClassRunner.java:231)
	at org.springframework.test.context.junit4.SpringJUnit4ClassRunner.runChild(SpringJUnit4ClassRunner.java:88)
	at org.junit.runners.ParentRunner$3.run(ParentRunner.java:231)
	at org.junit.runners.ParentRunner$1.schedule(ParentRunner.java:60)
	at org.junit.runners.ParentRunner.runChildren(ParentRunner.java:229)
	at org.junit.runners.ParentRunner.access$000(ParentRunner.java:50)
	at org.junit.runners.ParentRunner$2.evaluate(ParentRunner.java:222)
	at org.springframework.test.context.junit4.statements.RunBeforeTestClassCallbacks.evaluate(RunBeforeTestClassCallbacks.java:61)
	at org.springframework.test.context.junit4.statements.RunAfterTestClassCallbacks.evaluate(RunAfterTestClassCallbacks.java:71)
	at org.junit.runners.ParentRunner.run(ParentRunner.java:300)
	at org.springframework.test.context.junit4.SpringJUnit4ClassRunner.run(SpringJUnit4ClassRunner.java:174)
	at org.eclipse.jdt.internal.junit4.runner.JUnit4TestReference.run(JUnit4TestReference.java:50)
	at org.eclipse.jdt.internal.junit.runner.TestExecution.run(TestExecution.java:38)
	at org.eclipse.jdt.internal.junit.runner.RemoteTestRunner.runTests(RemoteTestRunner.java:459)
	at org.eclipse.jdt.internal.junit.runner.RemoteTestRunner.runTests(RemoteTestRunner.java:675)
	at org.eclipse.jdt.internal.junit.runner.RemoteTestRunner.run(RemoteTestRunner.java:382)
	at org.eclipse.jdt.internal.junit.runner.RemoteTestRunner.main(RemoteTestRunner.java:192)
Caused by: javax.persistence.RollbackException: Transaction marked as rollbackOnly
	at org.hibernate.ejb.TransactionImpl.commit(TransactionImpl.java:70)
	at org.springframework.orm.jpa.JpaTransactionManager.doCommit(JpaTransactionManager.java:513)
	... 25 more
16:26:13,385  INFO GenericApplicationContext:1042 - Closing org.springframework.context.support.GenericApplicationContext@7fe3eeb: startup date [Tue Apr 28 16:25:37 IST 2015]; root of context hierarchy
16:26:13,387  INFO DefaultListableBeanFactory:444 - Destroying singletons in org.springframework.beans.factory.support.DefaultListableBeanFactory@7681572f: defining beans [propertyConfigurer,org.springframework.aop.config.internalAutoProxyCreator,org.springframework.transaction.annotation.AnnotationTransactionAttributeSource#0,org.springframework.transaction.interceptor.TransactionInterceptor#0,org.springframework.transaction.config.internalTransactionAdvisor,showHistoryRepo,dicnClazzRepo,showDetailRepo,showRepoImpl,showRepo,dicnShowRepo,screenRepo,clazzRepo,movieRepo,cinemaRepo,org.springframework.data.repository.core.support.RepositoryInterfaceAwareBeanPostProcessor#0,org.springframework.dao.annotation.PersistenceExceptionTranslationPostProcessor#0,org.springframework.orm.jpa.support.PersistenceAnnotationBeanPostProcessor#0,transactionManager,bizrepDS,bizrepJPAVendorAdapter,bizrep,org.springframework.context.annotation.internalConfigurationAnnotationProcessor,org.springframework.context.annotation.internalAutowiredAnnotationProcessor,org.springframework.context.annotation.internalRequiredAnnotationProcessor,org.springframework.context.annotation.internalCommonAnnotationProcessor,org.springframework.context.annotation.internalPersistenceAnnotationProcessor,org.springframework.context.annotation.ConfigurationClassPostProcessor.importAwareProcessor]; root of factory hierarchy
16:26:13,394  INFO LocalContainerEntityManagerFactoryBean:441 - Closing JPA EntityManagerFactory for persistence unit 'default'
16:26:48,539  INFO XmlBeanDefinitionReader:315 - Loading XML bean definitions from class path resource [config.xml]
16:26:48,625  INFO XmlBeanDefinitionReader:315 - Loading XML bean definitions from class path resource [repo.xml]
16:26:48,789  INFO GenericApplicationContext:510 - Refreshing org.springframework.context.support.GenericApplicationContext@7c502d56: startup date [Tue Apr 28 16:26:48 IST 2015]; root of context hierarchy
16:26:48,864  INFO PropertyPlaceholderConfigurer:172 - Loading properties file from class path resource [repo.properties]
16:26:48,919  INFO MLog:80 - MLog clients using log4j logging.
16:26:48,989  INFO C3P0Registry:204 - Initializing c3p0-0.9.1 [built 16-January-2007 14:46:42; debug? true; trace: 10]
16:26:49,034  INFO GenericApplicationContext:1374 - Bean 'bizrepDS' of type [class com.mchange.v2.c3p0.ComboPooledDataSource] is not eligible for getting processed by all BeanPostProcessors (for example: not eligible for auto-proxying)
16:26:49,044  INFO GenericApplicationContext:1374 - Bean 'bizrepJPAVendorAdapter' of type [class org.springframework.orm.jpa.vendor.HibernateJpaVendorAdapter] is not eligible for getting processed by all BeanPostProcessors (for example: not eligible for auto-proxying)
16:26:49,056  INFO LocalContainerEntityManagerFactoryBean:285 - Building JPA container EntityManagerFactory for persistence unit 'default'
16:26:49,162  INFO Version:37 - HCANN000001: Hibernate Commons Annotations {4.0.1.Final}
16:26:49,167  INFO Version:41 - HHH000412: Hibernate Core {4.0.0.Final}
16:26:49,169  INFO Environment:239 - HHH000206: hibernate.properties not found
16:26:49,170  INFO Environment:342 - HHH000021: Bytecode provider name : javassist
16:26:49,187  INFO Ejb3Configuration:527 - HHH000204: Processing PersistenceUnitInfo [
	name: default
	...]
16:26:49,379  INFO ConnectionProviderInitiator:186 - HHH000130: Instantiating explicit connection provider: org.hibernate.ejb.connection.InjectedDataSourceConnectionProvider
16:26:49,430  INFO AbstractPoolBackedDataSource:462 - Initializing c3p0 pool... com.mchange.v2.c3p0.ComboPooledDataSource [ acquireIncrement -> 3, acquireRetryAttempts -> 30, acquireRetryDelay -> 1000, autoCommitOnClose -> false, automaticTestTable -> null, breakAfterAcquireFailure -> false, checkoutTimeout -> 25200, connectionCustomizerClassName -> null, connectionTesterClassName -> com.mchange.v2.c3p0.impl.DefaultConnectionTester, dataSourceName -> 1hge4b9981yxu5nvu1irz9|7affa511, debugUnreturnedConnectionStackTraces -> false, description -> null, driverClass -> com.mysql.jdbc.Driver, factoryClassLocation -> null, forceIgnoreUnresolvedTransactions -> false, identityToken -> 1hge4b9981yxu5nvu1irz9|7affa511, idleConnectionTestPeriod -> 14400, initialPoolSize -> 3, jdbcUrl -> jdbc:mysql://localhost:3306/biz-core, lastAcquisitionFailureDefaultUser -> null, maxAdministrativeTaskTime -> 0, maxConnectionAge -> 0, maxIdleTime -> 0, maxIdleTimeExcessConnections -> 0, maxPoolSize -> 3, maxStatements -> 0, maxStatementsPerConnection -> 0, minPoolSize -> 2, numHelperThreads -> 3, numThreadsAwaitingCheckoutDefaultUser -> 0, preferredTestQuery -> select 1;, properties -> {user=******, password=******}, propertyCycle -> 0, testConnectionOnCheckin -> false, testConnectionOnCheckout -> false, unreturnedConnectionTimeout -> 0, usesTraditionalReflectiveProxies -> false ]
16:26:49,576  INFO Dialect:120 - HHH000400: Using dialect: org.hibernate.dialect.MySQL5InnoDBDialect
16:26:49,584  INFO LobCreatorBuilder:120 - HHH000424: Disabling contextual LOB creation as createClob() method threw error : java.lang.reflect.InvocationTargetException
16:26:49,591  INFO TransactionFactoryInitiator:73 - HHH000268: Transaction strategy: org.hibernate.engine.transaction.internal.jdbc.JdbcTransactionFactory
16:26:49,595  INFO ASTQueryTranslatorFactory:48 - HHH000397: Using ASTQueryTranslatorFactory
16:26:49,785  INFO SchemaUpdate:182 - HHH000228: Running hbm2ddl schema update
16:26:49,785  INFO SchemaUpdate:193 - HHH000102: Fetching database metadata
16:26:49,788  INFO SchemaUpdate:205 - HHH000396: Updating schema
16:26:49,804  INFO TableMetadata:65 - HHH000261: Table found: biz-core.cinema
16:26:49,804  INFO TableMetadata:66 - HHH000037: Columns: [id, location, name]
16:26:49,805  INFO TableMetadata:68 - HHH000108: Foreign keys: []
16:26:49,805  INFO TableMetadata:69 - HHH000126: Indexes: [primary]
16:26:49,814  INFO TableMetadata:65 - HHH000261: Table found: biz-core.dicnclazz
16:26:49,814  INFO TableMetadata:66 - HHH000037: Columns: [id, rate, name]
16:26:49,814  INFO TableMetadata:68 - HHH000108: Foreign keys: []
16:26:49,814  INFO TableMetadata:69 - HHH000126: Indexes: [primary]
16:26:49,822  INFO TableMetadata:65 - HHH000261: Table found: biz-core.dicnshow
16:26:49,822  INFO TableMetadata:66 - HHH000037: Columns: [id, name, showtime]
16:26:49,822  INFO TableMetadata:68 - HHH000108: Foreign keys: []
16:26:49,822  INFO TableMetadata:69 - HHH000126: Indexes: [primary]
16:26:49,832  INFO TableMetadata:65 - HHH000261: Table found: biz-core.movie
16:26:49,832  INFO TableMetadata:66 - HHH000037: Columns: [id, startdate, status, name, distributor, language, enddate]
16:26:49,832  INFO TableMetadata:68 - HHH000108: Foreign keys: []
16:26:49,832  INFO TableMetadata:69 - HHH000126: Indexes: [primary]
16:26:49,842  INFO TableMetadata:65 - HHH000261: Table found: biz-core.screen
16:26:49,842  INFO TableMetadata:66 - HHH000037: Columns: [id, cinema_id, status, name]
16:26:49,842  INFO TableMetadata:68 - HHH000108: Foreign keys: [fk9178b46ca36b6613]
16:26:49,843  INFO TableMetadata:69 - HHH000126: Indexes: [primary, fk9178b46ca36b6613]
16:26:49,852  INFO TableMetadata:65 - HHH000261: Table found: biz-core.show_detail
16:26:49,852  INFO TableMetadata:66 - HHH000037: Columns: [id, gross_amount, clazz_id, show_hist_id, sl_from, sl_to]
16:26:49,852  INFO TableMetadata:68 - HHH000108: Foreign keys: [fk22df4fd3a7be69a1, fk22df4fd3da7bc494]
16:26:49,853  INFO TableMetadata:69 - HHH000126: Indexes: [primary, fk22df4fd3a7be69a1, fk22df4fd3da7bc494]
16:26:49,861  INFO TableMetadata:65 - HHH000261: Table found: biz-core.show_history
16:26:49,861  INFO TableMetadata:66 - HHH000037: Columns: [id, movie_id, cinema_id, screen_id, show_id, show_date]
16:26:49,862  INFO TableMetadata:68 - HHH000108: Foreign keys: []
16:26:49,862  INFO TableMetadata:69 - HHH000126: Indexes: [primary]
16:26:49,870  INFO TableMetadata:65 - HHH000261: Table found: biz-core.trnclazz
16:26:49,871  INFO TableMetadata:66 - HHH000037: Columns: [id, screen_id, dicn_id, seats]
16:26:49,871  INFO TableMetadata:68 - HHH000108: Foreign keys: [fk908f66a866943033, fk908f66a89d136ff9]
16:26:49,871  INFO TableMetadata:69 - HHH000126: Indexes: [primary, fk908f66a866943033, dicn_id, fk908f66a89d136ff9]
16:26:49,880  INFO TableMetadata:65 - HHH000261: Table found: biz-core.trnshow
16:26:49,881  INFO TableMetadata:66 - HHH000037: Columns: [id, movie_id, status, screen_id, dicn_id, show_date]
16:26:49,881  INFO TableMetadata:68 - HHH000108: Foreign keys: [fkebead08d66943033, fkebead08d78a81aa1, fkebead08d85b39690]
16:26:49,881  INFO TableMetadata:69 - HHH000126: Indexes: [fkebead08d66943033, fkebead08d78a81aa1, primary, dicn_id, fkebead08d85b39690]
16:26:49,882  INFO SchemaUpdate:240 - HHH000232: Schema update complete
16:26:49,915  INFO GenericApplicationContext:1374 - Bean 'bizrep' of type [class org.springframework.orm.jpa.LocalContainerEntityManagerFactoryBean] is not eligible for getting processed by all BeanPostProcessors (for example: not eligible for auto-proxying)
16:26:49,926  INFO GenericApplicationContext:1374 - Bean 'org.springframework.transaction.annotation.AnnotationTransactionAttributeSource#0' of type [class org.springframework.transaction.annotation.AnnotationTransactionAttributeSource] is not eligible for getting processed by all BeanPostProcessors (for example: not eligible for auto-proxying)
16:26:49,928  INFO GenericApplicationContext:1374 - Bean 'org.springframework.transaction.config.internalTransactionAdvisor' of type [class org.springframework.transaction.interceptor.BeanFactoryTransactionAttributeSourceAdvisor] is not eligible for getting processed by all BeanPostProcessors (for example: not eligible for auto-proxying)
16:26:49,935  INFO DefaultListableBeanFactory:596 - Pre-instantiating singletons in org.springframework.beans.factory.support.DefaultListableBeanFactory@65b46ab9: defining beans [propertyConfigurer,org.springframework.aop.config.internalAutoProxyCreator,org.springframework.transaction.annotation.AnnotationTransactionAttributeSource#0,org.springframework.transaction.interceptor.TransactionInterceptor#0,org.springframework.transaction.config.internalTransactionAdvisor,showHistoryRepo,dicnClazzRepo,showDetailRepo,showRepoImpl,showRepo,dicnShowRepo,screenRepo,clazzRepo,movieRepo,cinemaRepo,org.springframework.data.repository.core.support.RepositoryInterfaceAwareBeanPostProcessor#0,org.springframework.dao.annotation.PersistenceExceptionTranslationPostProcessor#0,org.springframework.orm.jpa.support.PersistenceAnnotationBeanPostProcessor#0,transactionManager,bizrepDS,bizrepJPAVendorAdapter,bizrep,org.springframework.context.annotation.internalConfigurationAnnotationProcessor,org.springframework.context.annotation.internalAutowiredAnnotationProcessor,org.springframework.context.annotation.internalRequiredAnnotationProcessor,org.springframework.context.annotation.internalCommonAnnotationProcessor,org.springframework.context.annotation.internalPersistenceAnnotationProcessor,org.springframework.context.annotation.ConfigurationClassPostProcessor.importAwareProcessor]; root of factory hierarchy
16:26:50,237  INFO TransactionalTestExecutionListener:279 - Began transaction (1): transaction manager [org.springframework.orm.jpa.JpaTransactionManager@32bc46f4]; rollback [false]
16:26:58,196  WARN SqlExceptionHelper:143 - SQL Error: 1048, SQLState: 23000
16:26:58,196 ERROR SqlExceptionHelper:144 - Column 'SHOW_HIST_ID' cannot be null
16:27:19,951  WARN TestContextManager:398 - Caught exception while allowing TestExecutionListener [org.springframework.test.context.transaction.TransactionalTestExecutionListener@5acc5fb1] to process 'after' execution for test: method [public void com.href.biz.test.repository.ShowHistoryTest.createShowhistory()], instance [com.href.biz.test.repository.ShowHistoryTest@1f9e8c09], exception [org.springframework.dao.DataIntegrityViolationException: Column 'SHOW_HIST_ID' cannot be null; SQL [n/a]; constraint [null]; nested exception is org.hibernate.exception.ConstraintViolationException: Column 'SHOW_HIST_ID' cannot be null]
org.springframework.transaction.TransactionSystemException: Could not commit JPA transaction; nested exception is javax.persistence.RollbackException: Transaction marked as rollbackOnly
	at org.springframework.orm.jpa.JpaTransactionManager.doCommit(JpaTransactionManager.java:522)
	at org.springframework.transaction.support.AbstractPlatformTransactionManager.processCommit(AbstractPlatformTransactionManager.java:755)
	at org.springframework.transaction.support.AbstractPlatformTransactionManager.commit(AbstractPlatformTransactionManager.java:724)
	at org.springframework.test.context.transaction.TransactionalTestExecutionListener$TransactionContext.endTransaction(TransactionalTestExecutionListener.java:591)
	at org.springframework.test.context.transaction.TransactionalTestExecutionListener.endTransaction(TransactionalTestExecutionListener.java:297)
	at org.springframework.test.context.transaction.TransactionalTestExecutionListener.afterTestMethod(TransactionalTestExecutionListener.java:192)
	at org.springframework.test.context.TestContextManager.afterTestMethod(TestContextManager.java:396)
	at org.springframework.test.context.junit4.statements.RunAfterTestMethodCallbacks.evaluate(RunAfterTestMethodCallbacks.java:91)
	at org.springframework.test.context.junit4.statements.SpringRepeat.evaluate(SpringRepeat.java:72)
	at org.springframework.test.context.junit4.SpringJUnit4ClassRunner.runChild(SpringJUnit4ClassRunner.java:231)
	at org.springframework.test.context.junit4.SpringJUnit4ClassRunner.runChild(SpringJUnit4ClassRunner.java:88)
	at org.junit.runners.ParentRunner$3.run(ParentRunner.java:231)
	at org.junit.runners.ParentRunner$1.schedule(ParentRunner.java:60)
	at org.junit.runners.ParentRunner.runChildren(ParentRunner.java:229)
	at org.junit.runners.ParentRunner.access$000(ParentRunner.java:50)
	at org.junit.runners.ParentRunner$2.evaluate(ParentRunner.java:222)
	at org.springframework.test.context.junit4.statements.RunBeforeTestClassCallbacks.evaluate(RunBeforeTestClassCallbacks.java:61)
	at org.springframework.test.context.junit4.statements.RunAfterTestClassCallbacks.evaluate(RunAfterTestClassCallbacks.java:71)
	at org.junit.runners.ParentRunner.run(ParentRunner.java:300)
	at org.springframework.test.context.junit4.SpringJUnit4ClassRunner.run(SpringJUnit4ClassRunner.java:174)
	at org.eclipse.jdt.internal.junit4.runner.JUnit4TestReference.run(JUnit4TestReference.java:50)
	at org.eclipse.jdt.internal.junit.runner.TestExecution.run(TestExecution.java:38)
	at org.eclipse.jdt.internal.junit.runner.RemoteTestRunner.runTests(RemoteTestRunner.java:459)
	at org.eclipse.jdt.internal.junit.runner.RemoteTestRunner.runTests(RemoteTestRunner.java:675)
	at org.eclipse.jdt.internal.junit.runner.RemoteTestRunner.run(RemoteTestRunner.java:382)
	at org.eclipse.jdt.internal.junit.runner.RemoteTestRunner.main(RemoteTestRunner.java:192)
Caused by: javax.persistence.RollbackException: Transaction marked as rollbackOnly
	at org.hibernate.ejb.TransactionImpl.commit(TransactionImpl.java:70)
	at org.springframework.orm.jpa.JpaTransactionManager.doCommit(JpaTransactionManager.java:513)
	... 25 more
16:27:19,962  INFO GenericApplicationContext:1042 - Closing org.springframework.context.support.GenericApplicationContext@7c502d56: startup date [Tue Apr 28 16:26:48 IST 2015]; root of context hierarchy
16:27:19,963  INFO DefaultListableBeanFactory:444 - Destroying singletons in org.springframework.beans.factory.support.DefaultListableBeanFactory@65b46ab9: defining beans [propertyConfigurer,org.springframework.aop.config.internalAutoProxyCreator,org.springframework.transaction.annotation.AnnotationTransactionAttributeSource#0,org.springframework.transaction.interceptor.TransactionInterceptor#0,org.springframework.transaction.config.internalTransactionAdvisor,showHistoryRepo,dicnClazzRepo,showDetailRepo,showRepoImpl,showRepo,dicnShowRepo,screenRepo,clazzRepo,movieRepo,cinemaRepo,org.springframework.data.repository.core.support.RepositoryInterfaceAwareBeanPostProcessor#0,org.springframework.dao.annotation.PersistenceExceptionTranslationPostProcessor#0,org.springframework.orm.jpa.support.PersistenceAnnotationBeanPostProcessor#0,transactionManager,bizrepDS,bizrepJPAVendorAdapter,bizrep,org.springframework.context.annotation.internalConfigurationAnnotationProcessor,org.springframework.context.annotation.internalAutowiredAnnotationProcessor,org.springframework.context.annotation.internalRequiredAnnotationProcessor,org.springframework.context.annotation.internalCommonAnnotationProcessor,org.springframework.context.annotation.internalPersistenceAnnotationProcessor,org.springframework.context.annotation.ConfigurationClassPostProcessor.importAwareProcessor]; root of factory hierarchy
16:27:19,965  INFO LocalContainerEntityManagerFactoryBean:441 - Closing JPA EntityManagerFactory for persistence unit 'default'
16:28:43,635  INFO XmlBeanDefinitionReader:315 - Loading XML bean definitions from class path resource [config.xml]
16:28:43,719  INFO XmlBeanDefinitionReader:315 - Loading XML bean definitions from class path resource [repo.xml]
16:28:43,876  INFO GenericApplicationContext:510 - Refreshing org.springframework.context.support.GenericApplicationContext@7fe3eeb: startup date [Tue Apr 28 16:28:43 IST 2015]; root of context hierarchy
16:28:43,950  INFO PropertyPlaceholderConfigurer:172 - Loading properties file from class path resource [repo.properties]
16:28:44,005  INFO MLog:80 - MLog clients using log4j logging.
16:28:44,074  INFO C3P0Registry:204 - Initializing c3p0-0.9.1 [built 16-January-2007 14:46:42; debug? true; trace: 10]
16:28:44,117  INFO GenericApplicationContext:1374 - Bean 'bizrepDS' of type [class com.mchange.v2.c3p0.ComboPooledDataSource] is not eligible for getting processed by all BeanPostProcessors (for example: not eligible for auto-proxying)
16:28:44,127  INFO GenericApplicationContext:1374 - Bean 'bizrepJPAVendorAdapter' of type [class org.springframework.orm.jpa.vendor.HibernateJpaVendorAdapter] is not eligible for getting processed by all BeanPostProcessors (for example: not eligible for auto-proxying)
16:28:44,139  INFO LocalContainerEntityManagerFactoryBean:285 - Building JPA container EntityManagerFactory for persistence unit 'default'
16:28:44,241  INFO Version:37 - HCANN000001: Hibernate Commons Annotations {4.0.1.Final}
16:28:44,246  INFO Version:41 - HHH000412: Hibernate Core {4.0.0.Final}
16:28:44,247  INFO Environment:239 - HHH000206: hibernate.properties not found
16:28:44,248  INFO Environment:342 - HHH000021: Bytecode provider name : javassist
16:28:44,264  INFO Ejb3Configuration:527 - HHH000204: Processing PersistenceUnitInfo [
	name: default
	...]
16:28:44,459  INFO ConnectionProviderInitiator:186 - HHH000130: Instantiating explicit connection provider: org.hibernate.ejb.connection.InjectedDataSourceConnectionProvider
16:28:44,506  INFO AbstractPoolBackedDataSource:462 - Initializing c3p0 pool... com.mchange.v2.c3p0.ComboPooledDataSource [ acquireIncrement -> 3, acquireRetryAttempts -> 30, acquireRetryDelay -> 1000, autoCommitOnClose -> false, automaticTestTable -> null, breakAfterAcquireFailure -> false, checkoutTimeout -> 25200, connectionCustomizerClassName -> null, connectionTesterClassName -> com.mchange.v2.c3p0.impl.DefaultConnectionTester, dataSourceName -> 1hge4b9981yxwmgp1cwh01h|1f9df19b, debugUnreturnedConnectionStackTraces -> false, description -> null, driverClass -> com.mysql.jdbc.Driver, factoryClassLocation -> null, forceIgnoreUnresolvedTransactions -> false, identityToken -> 1hge4b9981yxwmgp1cwh01h|1f9df19b, idleConnectionTestPeriod -> 14400, initialPoolSize -> 3, jdbcUrl -> jdbc:mysql://localhost:3306/biz-core, lastAcquisitionFailureDefaultUser -> null, maxAdministrativeTaskTime -> 0, maxConnectionAge -> 0, maxIdleTime -> 0, maxIdleTimeExcessConnections -> 0, maxPoolSize -> 3, maxStatements -> 0, maxStatementsPerConnection -> 0, minPoolSize -> 2, numHelperThreads -> 3, numThreadsAwaitingCheckoutDefaultUser -> 0, preferredTestQuery -> select 1;, properties -> {user=******, password=******}, propertyCycle -> 0, testConnectionOnCheckin -> false, testConnectionOnCheckout -> false, unreturnedConnectionTimeout -> 0, usesTraditionalReflectiveProxies -> false ]
16:28:44,653  INFO Dialect:120 - HHH000400: Using dialect: org.hibernate.dialect.MySQL5InnoDBDialect
16:28:44,661  INFO LobCreatorBuilder:120 - HHH000424: Disabling contextual LOB creation as createClob() method threw error : java.lang.reflect.InvocationTargetException
16:28:44,668  INFO TransactionFactoryInitiator:73 - HHH000268: Transaction strategy: org.hibernate.engine.transaction.internal.jdbc.JdbcTransactionFactory
16:28:44,672  INFO ASTQueryTranslatorFactory:48 - HHH000397: Using ASTQueryTranslatorFactory
16:28:44,858  INFO SchemaUpdate:182 - HHH000228: Running hbm2ddl schema update
16:28:44,859  INFO SchemaUpdate:193 - HHH000102: Fetching database metadata
16:28:44,861  INFO SchemaUpdate:205 - HHH000396: Updating schema
16:28:44,879  INFO TableMetadata:65 - HHH000261: Table found: biz-core.cinema
16:28:44,880  INFO TableMetadata:66 - HHH000037: Columns: [id, location, name]
16:28:44,880  INFO TableMetadata:68 - HHH000108: Foreign keys: []
16:28:44,880  INFO TableMetadata:69 - HHH000126: Indexes: [primary]
16:28:44,889  INFO TableMetadata:65 - HHH000261: Table found: biz-core.dicnclazz
16:28:44,889  INFO TableMetadata:66 - HHH000037: Columns: [id, rate, name]
16:28:44,889  INFO TableMetadata:68 - HHH000108: Foreign keys: []
16:28:44,890  INFO TableMetadata:69 - HHH000126: Indexes: [primary]
16:28:44,897  INFO TableMetadata:65 - HHH000261: Table found: biz-core.dicnshow
16:28:44,897  INFO TableMetadata:66 - HHH000037: Columns: [id, name, showtime]
16:28:44,897  INFO TableMetadata:68 - HHH000108: Foreign keys: []
16:28:44,898  INFO TableMetadata:69 - HHH000126: Indexes: [primary]
16:28:44,907  INFO TableMetadata:65 - HHH000261: Table found: biz-core.movie
16:28:44,907  INFO TableMetadata:66 - HHH000037: Columns: [id, startdate, status, name, distributor, language, enddate]
16:28:44,907  INFO TableMetadata:68 - HHH000108: Foreign keys: []
16:28:44,908  INFO TableMetadata:69 - HHH000126: Indexes: [primary]
16:28:44,917  INFO TableMetadata:65 - HHH000261: Table found: biz-core.screen
16:28:44,918  INFO TableMetadata:66 - HHH000037: Columns: [id, cinema_id, status, name]
16:28:44,918  INFO TableMetadata:68 - HHH000108: Foreign keys: [fk9178b46ca36b6613]
16:28:44,918  INFO TableMetadata:69 - HHH000126: Indexes: [primary, fk9178b46ca36b6613]
16:28:44,927  INFO TableMetadata:65 - HHH000261: Table found: biz-core.show_detail
16:28:44,927  INFO TableMetadata:66 - HHH000037: Columns: [id, gross_amount, clazz_id, show_hist_id, sl_from, sl_to]
16:28:44,928  INFO TableMetadata:68 - HHH000108: Foreign keys: [fk22df4fd3a7be69a1, fk22df4fd3da7bc494]
16:28:44,928  INFO TableMetadata:69 - HHH000126: Indexes: [primary, fk22df4fd3a7be69a1, fk22df4fd3da7bc494]
16:28:44,936  INFO TableMetadata:65 - HHH000261: Table found: biz-core.show_history
16:28:44,937  INFO TableMetadata:66 - HHH000037: Columns: [id, movie_id, cinema_id, screen_id, show_id, show_date]
16:28:44,937  INFO TableMetadata:68 - HHH000108: Foreign keys: []
16:28:44,937  INFO TableMetadata:69 - HHH000126: Indexes: [primary]
16:28:44,946  INFO TableMetadata:65 - HHH000261: Table found: biz-core.trnclazz
16:28:44,946  INFO TableMetadata:66 - HHH000037: Columns: [id, screen_id, dicn_id, seats]
16:28:44,946  INFO TableMetadata:68 - HHH000108: Foreign keys: [fk908f66a866943033, fk908f66a89d136ff9]
16:28:44,946  INFO TableMetadata:69 - HHH000126: Indexes: [primary, fk908f66a866943033, dicn_id, fk908f66a89d136ff9]
16:28:44,955  INFO TableMetadata:65 - HHH000261: Table found: biz-core.trnshow
16:28:44,955  INFO TableMetadata:66 - HHH000037: Columns: [id, movie_id, status, screen_id, dicn_id, show_date]
16:28:44,956  INFO TableMetadata:68 - HHH000108: Foreign keys: [fkebead08d66943033, fkebead08d78a81aa1, fkebead08d85b39690]
16:28:44,956  INFO TableMetadata:69 - HHH000126: Indexes: [fkebead08d66943033, fkebead08d78a81aa1, primary, dicn_id, fkebead08d85b39690]
16:28:44,957  INFO SchemaUpdate:240 - HHH000232: Schema update complete
16:28:44,990  INFO GenericApplicationContext:1374 - Bean 'bizrep' of type [class org.springframework.orm.jpa.LocalContainerEntityManagerFactoryBean] is not eligible for getting processed by all BeanPostProcessors (for example: not eligible for auto-proxying)
16:28:45,002  INFO GenericApplicationContext:1374 - Bean 'org.springframework.transaction.annotation.AnnotationTransactionAttributeSource#0' of type [class org.springframework.transaction.annotation.AnnotationTransactionAttributeSource] is not eligible for getting processed by all BeanPostProcessors (for example: not eligible for auto-proxying)
16:28:45,004  INFO GenericApplicationContext:1374 - Bean 'org.springframework.transaction.config.internalTransactionAdvisor' of type [class org.springframework.transaction.interceptor.BeanFactoryTransactionAttributeSourceAdvisor] is not eligible for getting processed by all BeanPostProcessors (for example: not eligible for auto-proxying)
16:28:45,012  INFO DefaultListableBeanFactory:596 - Pre-instantiating singletons in org.springframework.beans.factory.support.DefaultListableBeanFactory@6a6fd42b: defining beans [propertyConfigurer,org.springframework.aop.config.internalAutoProxyCreator,org.springframework.transaction.annotation.AnnotationTransactionAttributeSource#0,org.springframework.transaction.interceptor.TransactionInterceptor#0,org.springframework.transaction.config.internalTransactionAdvisor,showHistoryRepo,dicnClazzRepo,showDetailRepo,showRepoImpl,showRepo,dicnShowRepo,screenRepo,clazzRepo,movieRepo,cinemaRepo,org.springframework.data.repository.core.support.RepositoryInterfaceAwareBeanPostProcessor#0,org.springframework.dao.annotation.PersistenceExceptionTranslationPostProcessor#0,org.springframework.orm.jpa.support.PersistenceAnnotationBeanPostProcessor#0,transactionManager,bizrepDS,bizrepJPAVendorAdapter,bizrep,org.springframework.context.annotation.internalConfigurationAnnotationProcessor,org.springframework.context.annotation.internalAutowiredAnnotationProcessor,org.springframework.context.annotation.internalRequiredAnnotationProcessor,org.springframework.context.annotation.internalCommonAnnotationProcessor,org.springframework.context.annotation.internalPersistenceAnnotationProcessor,org.springframework.context.annotation.ConfigurationClassPostProcessor.importAwareProcessor]; root of factory hierarchy
16:28:45,303  INFO TransactionalTestExecutionListener:279 - Began transaction (1): transaction manager [org.springframework.orm.jpa.JpaTransactionManager@4a5808e1]; rollback [false]
16:28:57,212  INFO TransactionalTestExecutionListener:299 - Committed transaction after test execution for test context [TestContext@184aae06 testClass = ShowHistoryTest, testInstance = com.href.biz.test.repository.ShowHistoryTest@4ee7185f, testMethod = createShowhistory@ShowHistoryTest, testException = [null], mergedContextConfiguration = [MergedContextConfiguration@25f12d71 testClass = ShowHistoryTest, locations = '{classpath:config.xml, classpath:repo.xml}', classes = '{}', contextInitializerClasses = '[]', activeProfiles = '{}', contextLoader = 'org.springframework.test.context.support.DelegatingSmartContextLoader']]
16:28:57,216  INFO GenericApplicationContext:1042 - Closing org.springframework.context.support.GenericApplicationContext@7fe3eeb: startup date [Tue Apr 28 16:28:43 IST 2015]; root of context hierarchy
16:28:57,218  INFO DefaultListableBeanFactory:444 - Destroying singletons in org.springframework.beans.factory.support.DefaultListableBeanFactory@6a6fd42b: defining beans [propertyConfigurer,org.springframework.aop.config.internalAutoProxyCreator,org.springframework.transaction.annotation.AnnotationTransactionAttributeSource#0,org.springframework.transaction.interceptor.TransactionInterceptor#0,org.springframework.transaction.config.internalTransactionAdvisor,showHistoryRepo,dicnClazzRepo,showDetailRepo,showRepoImpl,showRepo,dicnShowRepo,screenRepo,clazzRepo,movieRepo,cinemaRepo,org.springframework.data.repository.core.support.RepositoryInterfaceAwareBeanPostProcessor#0,org.springframework.dao.annotation.PersistenceExceptionTranslationPostProcessor#0,org.springframework.orm.jpa.support.PersistenceAnnotationBeanPostProcessor#0,transactionManager,bizrepDS,bizrepJPAVendorAdapter,bizrep,org.springframework.context.annotation.internalConfigurationAnnotationProcessor,org.springframework.context.annotation.internalAutowiredAnnotationProcessor,org.springframework.context.annotation.internalRequiredAnnotationProcessor,org.springframework.context.annotation.internalCommonAnnotationProcessor,org.springframework.context.annotation.internalPersistenceAnnotationProcessor,org.springframework.context.annotation.ConfigurationClassPostProcessor.importAwareProcessor]; root of factory hierarchy
16:28:57,221  INFO LocalContainerEntityManagerFactoryBean:441 - Closing JPA EntityManagerFactory for persistence unit 'default'
16:31:05,312  INFO XmlBeanDefinitionReader:315 - Loading XML bean definitions from class path resource [config.xml]
16:31:05,391  INFO XmlBeanDefinitionReader:315 - Loading XML bean definitions from class path resource [repo.xml]
16:31:05,532  INFO GenericApplicationContext:510 - Refreshing org.springframework.context.support.GenericApplicationContext@399a8684: startup date [Tue Apr 28 16:31:05 IST 2015]; root of context hierarchy
16:31:05,600  INFO PropertyPlaceholderConfigurer:172 - Loading properties file from class path resource [repo.properties]
16:31:05,650  INFO MLog:80 - MLog clients using log4j logging.
16:31:05,718  INFO C3P0Registry:204 - Initializing c3p0-0.9.1 [built 16-January-2007 14:46:42; debug? true; trace: 10]
16:31:05,758  INFO GenericApplicationContext:1374 - Bean 'bizrepDS' of type [class com.mchange.v2.c3p0.ComboPooledDataSource] is not eligible for getting processed by all BeanPostProcessors (for example: not eligible for auto-proxying)
16:31:05,768  INFO GenericApplicationContext:1374 - Bean 'bizrepJPAVendorAdapter' of type [class org.springframework.orm.jpa.vendor.HibernateJpaVendorAdapter] is not eligible for getting processed by all BeanPostProcessors (for example: not eligible for auto-proxying)
16:31:05,779  INFO LocalContainerEntityManagerFactoryBean:285 - Building JPA container EntityManagerFactory for persistence unit 'default'
16:31:05,873  INFO Version:37 - HCANN000001: Hibernate Commons Annotations {4.0.1.Final}
16:31:05,878  INFO Version:41 - HHH000412: Hibernate Core {4.0.0.Final}
16:31:05,879  INFO Environment:239 - HHH000206: hibernate.properties not found
16:31:05,880  INFO Environment:342 - HHH000021: Bytecode provider name : javassist
16:31:05,895  INFO Ejb3Configuration:527 - HHH000204: Processing PersistenceUnitInfo [
	name: default
	...]
16:31:06,072  INFO ConnectionProviderInitiator:186 - HHH000130: Instantiating explicit connection provider: org.hibernate.ejb.connection.InjectedDataSourceConnectionProvider
16:31:06,116  INFO AbstractPoolBackedDataSource:462 - Initializing c3p0 pool... com.mchange.v2.c3p0.ComboPooledDataSource [ acquireIncrement -> 3, acquireRetryAttempts -> 30, acquireRetryDelay -> 1000, autoCommitOnClose -> false, automaticTestTable -> null, breakAfterAcquireFailure -> false, checkoutTimeout -> 25200, connectionCustomizerClassName -> null, connectionTesterClassName -> com.mchange.v2.c3p0.impl.DefaultConnectionTester, dataSourceName -> 1hge4b9981yxznrchx9pn|1c313f4e, debugUnreturnedConnectionStackTraces -> false, description -> null, driverClass -> com.mysql.jdbc.Driver, factoryClassLocation -> null, forceIgnoreUnresolvedTransactions -> false, identityToken -> 1hge4b9981yxznrchx9pn|1c313f4e, idleConnectionTestPeriod -> 14400, initialPoolSize -> 3, jdbcUrl -> jdbc:mysql://localhost:3306/biz-core, lastAcquisitionFailureDefaultUser -> null, maxAdministrativeTaskTime -> 0, maxConnectionAge -> 0, maxIdleTime -> 0, maxIdleTimeExcessConnections -> 0, maxPoolSize -> 3, maxStatements -> 0, maxStatementsPerConnection -> 0, minPoolSize -> 2, numHelperThreads -> 3, numThreadsAwaitingCheckoutDefaultUser -> 0, preferredTestQuery -> select 1;, properties -> {user=******, password=******}, propertyCycle -> 0, testConnectionOnCheckin -> false, testConnectionOnCheckout -> false, unreturnedConnectionTimeout -> 0, usesTraditionalReflectiveProxies -> false ]
16:31:06,256  INFO Dialect:120 - HHH000400: Using dialect: org.hibernate.dialect.MySQL5InnoDBDialect
16:31:06,263  INFO LobCreatorBuilder:120 - HHH000424: Disabling contextual LOB creation as createClob() method threw error : java.lang.reflect.InvocationTargetException
16:31:06,270  INFO TransactionFactoryInitiator:73 - HHH000268: Transaction strategy: org.hibernate.engine.transaction.internal.jdbc.JdbcTransactionFactory
16:31:06,274  INFO ASTQueryTranslatorFactory:48 - HHH000397: Using ASTQueryTranslatorFactory
16:31:06,443  INFO SchemaUpdate:182 - HHH000228: Running hbm2ddl schema update
16:31:06,443  INFO SchemaUpdate:193 - HHH000102: Fetching database metadata
16:31:06,446  INFO SchemaUpdate:205 - HHH000396: Updating schema
16:31:06,514  INFO TableMetadata:65 - HHH000261: Table found: biz-core.cinema
16:31:06,515  INFO TableMetadata:66 - HHH000037: Columns: [id, location, name]
16:31:06,515  INFO TableMetadata:68 - HHH000108: Foreign keys: []
16:31:06,516  INFO TableMetadata:69 - HHH000126: Indexes: [primary]
16:31:06,542  INFO TableMetadata:65 - HHH000261: Table found: biz-core.dicnclazz
16:31:06,543  INFO TableMetadata:66 - HHH000037: Columns: [id, rate, name]
16:31:06,544  INFO TableMetadata:68 - HHH000108: Foreign keys: []
16:31:06,545  INFO TableMetadata:69 - HHH000126: Indexes: [primary]
16:31:06,556  INFO TableMetadata:65 - HHH000261: Table found: biz-core.dicnshow
16:31:06,556  INFO TableMetadata:66 - HHH000037: Columns: [id, name, showtime]
16:31:06,556  INFO TableMetadata:68 - HHH000108: Foreign keys: []
16:31:06,556  INFO TableMetadata:69 - HHH000126: Indexes: [primary]
16:31:06,568  INFO TableMetadata:65 - HHH000261: Table found: biz-core.movie
16:31:06,568  INFO TableMetadata:66 - HHH000037: Columns: [id, startdate, status, name, distributor, language, enddate]
16:31:06,568  INFO TableMetadata:68 - HHH000108: Foreign keys: []
16:31:06,569  INFO TableMetadata:69 - HHH000126: Indexes: [primary]
16:31:06,580  INFO TableMetadata:65 - HHH000261: Table found: biz-core.screen
16:31:06,581  INFO TableMetadata:66 - HHH000037: Columns: [id, cinema_id, status, name]
16:31:06,581  INFO TableMetadata:68 - HHH000108: Foreign keys: [fk9178b46ca36b6613]
16:31:06,581  INFO TableMetadata:69 - HHH000126: Indexes: [primary, fk9178b46ca36b6613]
16:31:06,592  INFO TableMetadata:65 - HHH000261: Table found: biz-core.show_detail
16:31:06,592  INFO TableMetadata:66 - HHH000037: Columns: [id, gross_amount, clazz_id, show_hist_id, sl_from, sl_to]
16:31:06,592  INFO TableMetadata:68 - HHH000108: Foreign keys: [fk22df4fd3a7be69a1, fk22df4fd3da7bc494]
16:31:06,593  INFO TableMetadata:69 - HHH000126: Indexes: [primary, fk22df4fd3a7be69a1, fk22df4fd3da7bc494]
16:31:06,603  INFO TableMetadata:65 - HHH000261: Table found: biz-core.show_history
16:31:06,603  INFO TableMetadata:66 - HHH000037: Columns: [id, movie_id, cinema_id, screen_id, show_id, show_date]
16:31:06,604  INFO TableMetadata:68 - HHH000108: Foreign keys: []
16:31:06,604  INFO TableMetadata:69 - HHH000126: Indexes: [primary]
16:31:06,615  INFO TableMetadata:65 - HHH000261: Table found: biz-core.trnclazz
16:31:06,615  INFO TableMetadata:66 - HHH000037: Columns: [id, screen_id, dicn_id, seats]
16:31:06,615  INFO TableMetadata:68 - HHH000108: Foreign keys: [fk908f66a866943033, fk908f66a89d136ff9]
16:31:06,616  INFO TableMetadata:69 - HHH000126: Indexes: [primary, fk908f66a866943033, dicn_id, fk908f66a89d136ff9]
16:31:06,628  INFO TableMetadata:65 - HHH000261: Table found: biz-core.trnshow
16:31:06,628  INFO TableMetadata:66 - HHH000037: Columns: [id, movie_id, status, screen_id, dicn_id, show_date]
16:31:06,628  INFO TableMetadata:68 - HHH000108: Foreign keys: [fkebead08d66943033, fkebead08d78a81aa1, fkebead08d85b39690]
16:31:06,628  INFO TableMetadata:69 - HHH000126: Indexes: [fkebead08d66943033, fkebead08d78a81aa1, primary, dicn_id, fkebead08d85b39690]
16:31:06,630  INFO SchemaUpdate:240 - HHH000232: Schema update complete
16:31:06,661  INFO GenericApplicationContext:1374 - Bean 'bizrep' of type [class org.springframework.orm.jpa.LocalContainerEntityManagerFactoryBean] is not eligible for getting processed by all BeanPostProcessors (for example: not eligible for auto-proxying)
16:31:06,672  INFO GenericApplicationContext:1374 - Bean 'org.springframework.transaction.annotation.AnnotationTransactionAttributeSource#0' of type [class org.springframework.transaction.annotation.AnnotationTransactionAttributeSource] is not eligible for getting processed by all BeanPostProcessors (for example: not eligible for auto-proxying)
16:31:06,673  INFO GenericApplicationContext:1374 - Bean 'org.springframework.transaction.config.internalTransactionAdvisor' of type [class org.springframework.transaction.interceptor.BeanFactoryTransactionAttributeSourceAdvisor] is not eligible for getting processed by all BeanPostProcessors (for example: not eligible for auto-proxying)
16:31:06,680  INFO DefaultListableBeanFactory:596 - Pre-instantiating singletons in org.springframework.beans.factory.support.DefaultListableBeanFactory@7d41b16b: defining beans [propertyConfigurer,org.springframework.aop.config.internalAutoProxyCreator,org.springframework.transaction.annotation.AnnotationTransactionAttributeSource#0,org.springframework.transaction.interceptor.TransactionInterceptor#0,org.springframework.transaction.config.internalTransactionAdvisor,showHistoryRepo,dicnClazzRepo,showDetailRepo,showRepoImpl,showRepo,dicnShowRepo,screenRepo,clazzRepo,movieRepo,cinemaRepo,org.springframework.data.repository.core.support.RepositoryInterfaceAwareBeanPostProcessor#0,org.springframework.dao.annotation.PersistenceExceptionTranslationPostProcessor#0,org.springframework.orm.jpa.support.PersistenceAnnotationBeanPostProcessor#0,transactionManager,bizrepDS,bizrepJPAVendorAdapter,bizrep,org.springframework.context.annotation.internalConfigurationAnnotationProcessor,org.springframework.context.annotation.internalAutowiredAnnotationProcessor,org.springframework.context.annotation.internalRequiredAnnotationProcessor,org.springframework.context.annotation.internalCommonAnnotationProcessor,org.springframework.context.annotation.internalPersistenceAnnotationProcessor,org.springframework.context.annotation.ConfigurationClassPostProcessor.importAwareProcessor]; root of factory hierarchy
16:31:06,951  INFO TransactionalTestExecutionListener:279 - Began transaction (1): transaction manager [org.springframework.orm.jpa.JpaTransactionManager@10bb3372]; rollback [false]
16:31:07,070  INFO TransactionalTestExecutionListener:299 - Committed transaction after test execution for test context [TestContext@66aae949 testClass = ShowHistoryTest, testInstance = com.href.biz.test.repository.ShowHistoryTest@5eb9ec47, testMethod = createShowhistory@ShowHistoryTest, testException = [null], mergedContextConfiguration = [MergedContextConfiguration@4759e7 testClass = ShowHistoryTest, locations = '{classpath:config.xml, classpath:repo.xml}', classes = '{}', contextInitializerClasses = '[]', activeProfiles = '{}', contextLoader = 'org.springframework.test.context.support.DelegatingSmartContextLoader']]
16:31:07,076  INFO GenericApplicationContext:1042 - Closing org.springframework.context.support.GenericApplicationContext@399a8684: startup date [Tue Apr 28 16:31:05 IST 2015]; root of context hierarchy
16:31:07,077  INFO DefaultListableBeanFactory:444 - Destroying singletons in org.springframework.beans.factory.support.DefaultListableBeanFactory@7d41b16b: defining beans [propertyConfigurer,org.springframework.aop.config.internalAutoProxyCreator,org.springframework.transaction.annotation.AnnotationTransactionAttributeSource#0,org.springframework.transaction.interceptor.TransactionInterceptor#0,org.springframework.transaction.config.internalTransactionAdvisor,showHistoryRepo,dicnClazzRepo,showDetailRepo,showRepoImpl,showRepo,dicnShowRepo,screenRepo,clazzRepo,movieRepo,cinemaRepo,org.springframework.data.repository.core.support.RepositoryInterfaceAwareBeanPostProcessor#0,org.springframework.dao.annotation.PersistenceExceptionTranslationPostProcessor#0,org.springframework.orm.jpa.support.PersistenceAnnotationBeanPostProcessor#0,transactionManager,bizrepDS,bizrepJPAVendorAdapter,bizrep,org.springframework.context.annotation.internalConfigurationAnnotationProcessor,org.springframework.context.annotation.internalAutowiredAnnotationProcessor,org.springframework.context.annotation.internalRequiredAnnotationProcessor,org.springframework.context.annotation.internalCommonAnnotationProcessor,org.springframework.context.annotation.internalPersistenceAnnotationProcessor,org.springframework.context.annotation.ConfigurationClassPostProcessor.importAwareProcessor]; root of factory hierarchy
16:31:07,081  INFO LocalContainerEntityManagerFactoryBean:441 - Closing JPA EntityManagerFactory for persistence unit 'default'
